10000
100000
80000
100000
80000
80000
70000
70000
50000
50000
0
0
0
0
0
0
0
0
0
0
0
0
0
0
0
0
0
0
0
0
0
89113
91002
91002
91002
97934
102110
105822
107133
111468
111468
122009
125721
138113
141825
146001
146001
146001
152933
154244
165900
180115
180115
180115
187047
191223
194935
196824
200581
202470
211122
214834
227226
230938
235114
235114
235114
242046
243935
255013
255013
255580
261945
266121
278049
282225
285937
287248
291583
291583
302124
305836
310012
312460
317124
319446
325247
333048
334359
338694
342406
346582
352947
357123
360835
364235
367947
372358
376070
380246
385182
389517
393693
397405
401180
407946
410394
415058
419234
423181
427357
431069
434469
440181
444516
447293
451628
456179
460080
465393
470057
472303
478180
480469
485292
489468
493256
497413
502292
506627
510415
515079
519414
522191
526526
531292
534490
540291
544079
546312
551191
555367
559524
562277
567647
572526
577190
581525
585313
588524
593188
596601
601311
606190
608423
612599
616311
618746
623512
629758
634422
636299
642545
647424
649657
653833
657545
663422
664746
669410
673745
677533
677587
684645
688821
692533
698410
704656
704656
707533
712412
714645
718821
722533
728410
728757
739644
739644
740082
743833
749650
753422
759668
759668
769644
769644
770209
775070
779650
784638
785689
794656
794656
797209
800209
805070
806121
814638
815689
818689
822221
825221
830082
831133
835671
838671
842203
845203
846561
851115
854115
855682
858682
858682
20000000
0
16
15
1
0
131673
132795
133515
134119
134119
135345
136769
137489
137791
137791
126419
126525
127381
127381
129745
129745
130353
130353
133067
133067
124846
125925
127423
128080
128080
128080
129915
130217
132070
132070
123808
124554
125366
126112
126779
126883
127629
129538
130428
131174
164615
165521
166154
166567
167812
168718
169131
170037
170066
170760
157181
157181
157716
159715
160611
160611
161146
163145
163838
163838
141908
141908
141908
144573
144573
145192
146393
146393
146393
147379
156861
159443
159443
160065
160065
162078
163177
163177
165335
165335
136090
136288
137879
138751
139530
140402
140821
141600
142472
143660
131974
131974
134701
134701
136743
136743
138510
138510
138536
138536
174722
175681
176136
179635
180594
180594
180594
180594
181904
182863
130951
131873
132446
132904
132904
133062
135793
136715
137173
137173
120856
120895
121796
122695
122695
124258
125157
125157
125573
125630
109286
110058
110504
111413
112185
112842
113805
114714
115486
115932
126966
128209
128391
129634
130872
130872
132297
132297
133437
134777
146295
146295
147699
148865
148865
149608
151119
151937
151937
153341
107126
107126
108869
108869
109033
109232
110776
111188
112480
113481
135141
136703
136703
137381
138738
138861
139331
140978
141101
142458
128447
129196
129196
129207
130137
132472
132472
134151
134151
134621
137635
137635
139052
139052
139061
141269
141269
141598
142646
142646
121085
122020
122932
123867
124329
125264
126077
126539
127558
128493
116523
116523
118135
118135
120048
120048
120894
120894
122807
122807
132943
133614
133614
133614
136724
136724
137395
137395
137395
138480
153216
154181
155563
156572
157189
157189
158186
159422
160660
162042
136790
137515
137530
138222
138947
141785
142510
143202
143927
143942
121325
121325
122467
122467
123984
123984
125330
125330
126168
126420
120144
122692
122692
123446
123446
123446
125368
125417
125417
128268
151149
151149
151149
151905
151905
152858
153685
153685
154798
156678
153499
154058
159897
160826
160943
160943
160943
160943
161453
161489
136538
136538
136538
136538
137193
138719
139288
139288
139426
141272
165193
166911
166911
167761
167761
168051
169187
169187
169715
174458
163952
166016
167310
168249
171032
171971
171971
171971
171971
172287
128118
131612
131612
131612
131612
133783
133783
134557
135601
135601
125338
125384
126885
126931
128318
128500
130743
130789
132176
132222
160280
160553
164036
164036
165550
165550
165550
165550
165823
167954
119303
119910
120954
120954
122479
122726
122778
124251
124251
124676
131949
132081
132985
132985
135098
135894
135894
135894
139882
139882
125868
125868
127511
127511
127511
128429
128572
130072
130215
131545
114566
114566
116397
116818
117780
118649
119793
121515
121624
123346
133151
133151
133346
134728
136263
136263
136458
137193
137781
137937
134085
136409
138086
138086
139364
139364
139364
139491
141697
143492
109905
110862
110862
111657
111657
113083
114040
114040
114684
115641
119694
120440
120440
120639
121385
121385
122542
123288
124095
124841
129267
130637
130637
132258
133321
133321
134942
134942
134942
134990
164252
164252
166545
166545
166545
166945
167610
171256
171849
171849
130430
131181
131203
132346
133323
133754
134731
135740
136082
136905
122555
123276
124148
124869
125930
126735
127523
128328
129395
130409
123687
124484
125359
126007
126882
127679
128554
129196
129703
130351
113800
115354
115493
115493
116989
117218
119742
119742
120458
122012
161346
161346
162398
163198
165875
165875
166065
166865
169542
169542
127283
128147
128147
128147
130960
130960
131014
131627
131627
133827
120181
121677
121926
122097
123100
123842
124845
125397
126512
126512
124693
126031
126826
127954
128749
128749
128989
129784
130432
132254
142660
144867
145702
145954
146789
146789
147094
147929
148624
149016
131018
131018
131018
132136
132995
133938
134031
134547
134547
137902
111263
111263
112760
114111
114968
115637
116494
116494
117198
118055
124629
125535
126181
127087
127087
127960
127960
128834
130093
130999
147250
147458
148294
148730
148730
148730
148730
148730
150566
154806
108025
108944
110178
111097
111962
112694
113665
114584
115449
115449
159810
159810
161813
161813
162487
163124
163124
167409
167409
167409
142329
143995
144088
146364
146364
148123
148883
148976
150642
150735
146233
147873
148639
150170
150967
151733
151733
153373
154170
154936
132095
132095
132963
133478
133999
133999
137783
137783
137783
137783
140146
141115
141115
141775
142744
143480
143622
144358
144372
146805
140396
141220
141757
142290
142622
143183
144239
145063
145215
145912
153082
153135
153135
154100
154100
156014
159209
159209
161123
161123
126279
128125
128125
128125
128641
129590
130487
131454
132392
133300
118913
119970
120911
121711
122049
122990
123790
123790
123790
124192
120933
120933
121039
122405
122405
123189
124402
125768
125768
126552
121576
124218
124901
124901
124901
127543
127543
127543
129646
130329
159719
160345
160833
160833
162798
163424
163424
163424
163871
166012
121084
121084
122382
122901
123312
124665
124665
125963
126400
127287
126210
127125
128033
128948
128948
129732
130011
132872
133804
134719
121851
123729
123729
125552
125552
125552
125552
127033
127268
127268
125703
126727
127660
128215
129148
129691
130715
131648
131648
133348
109061
110255
111167
111592
112361
112361
114005
114005
114853
116111
132762
133740
134348
135441
136200
137027
138104
138132
139690
139718
