10000
100000
80000
100000
80000
80000
70000
70000
50000
50000
20000
20000
0
3000
4567
8912
12121
15444
19982
25012
30000
34988
41234
47111
50823
54999
57999
62111
65899
70234
74898
89113
92113
94002
98025
101234
104557
109095
114125
119113
124101
130347
136224
139936
144112
147112
151224
155012
159347
164011
167011
180115
183115
184682
189027
192236
195559
200097
205127
210115
215103
221349
227226
230938
235114
238114
242226
246014
250349
255013
258013
262214
268460
272172
278049
282225
285937
289337
293125
297460
302124
305836
310012
313037
319283
323459
327171
333048
336048
340160
344336
348283
352947
357123
360835
364235
368036
374282
377282
381394
385570
390280
395159
398947
403282
407946
410946
415058
419234
423181
427357
431514
436393
440181
444516
449180
452391
456292
461058
465393
470057
473845
478180
481180
485292
489468
493625
497413
502292
506627
511291
515079
519414
522625
527289
531292
535956
540291
544079
547079
551191
555367
559524
563859
568523
572526
577190
581525
585313
588524
593188
597523
601311
606190
609190
612599
616513
620301
623512
629758
634422
638757
642545
647424
650424
653833
657545
663422
666422
669410
673745
677533
682412
685412
688821
693422
698410
704656
707656
709223
713568
716777
720100
724638
729668
734656
739644
742644
744211
748556
751765
755088
759668
764656
769644
772644
774211
778556
781765
785088
789626
794656
797656
799223
803568
806777
810100
814638
817638
819205
823550
826759
830082
833082
835671
838994
842203
845203
846770
851115
854115
855682
858682
858682
20000000
0
16
15
1
0
132134
132977
133805
134525
135086
135806
136769
137489
137791
137791
126419
126968
128076
128625
129745
130294
130693
132037
133067
133616
127863
127863
128865
128865
128865
130957
130957
131959
132246
132583
124022
124686
125366
126112
126779
127443
128171
129538
130428
131174
164615
165521
166154
166896
167812
168718
169131
170037
170066
170767
157181
157181
158059
159715
160611
160611
161489
163145
163838
163838
141908
141908
143109
144573
144573
145192
146393
147622
147622
147622
157695
159443
160118
160118
160474
162078
163177
163177
165335
165335
136090
136924
137879
139009
139881
140402
141079
142034
142906
144296
133276
134344
134701
135560
136743
136743
138510
138510
139824
139824
174870
175681
176136
179635
180594
180594
180594
180594
181904
182863
131687
131883
132446
132904
134023
134945
135793
136715
137173
137359
120856
120895
121796
122695
123276
124258
125157
125738
125795
126696
109286
110058
110504
111413
112185
112842
113805
114714
115486
115932
126966
128209
128391
129634
130872
130872
132297
132297
133437
134777
146583
146943
147699
149007
149655
149759
151119
151937
152585
153341
107323
107807
109066
109066
110069
110292
110973
112035
112480
113481
135141
136703
137173
137381
138738
138861
139331
140978
141101
142458
128562
129311
129715
130475
131224
132472
133221
134151
134900
135134
137822
138138
139503
140039
140039
141269
141907
142082
143137
143673
121998
122020
122932
123867
124563
125264
126077
126773
127606
128493
116801
116801
118349
118349
120048
120048
121259
121259
122807
122807
133615
133615
134286
134938
136724
137396
137675
138067
138497
139678
153216
154181
155563
156572
157197
157221
158186
159568
160660
162042
137542
138267
138959
139684
140192
141785
142510
143202
143927
144435
121325
121676
122521
123139
123984
124335
125330
125798
126168
127144
120678
122692
123226
123446
124614
125148
125409
125902
126797
128268
151149
151149
152324
152324
153460
154624
155073
155760
156768
157373
154820
156869
159897
160826
160943
160943
160943
161336
161453
161778
136538
137148
137879
138489
138926
139536
140267
140877
141305
141915
165781
166911
168952
168952
170676
170676
170676
170676
171095
174458
165324
168510
169449
170006
171032
171971
172528
172528
172785
173811
130527
131612
132120
133017
133525
133783
134583
135188
135696
137424
125338
126814
127322
128247
128755
129102
130743
131295
132176
132728
162061
162061
164036
164036
165550
165817
165817
167331
168083
168083
119303
120247
120954
121772
122479
122726
122778
124251
124251
124789
133960
134504
134504
134504
136515
137578
137578
137751
139882
140133
125868
126455
127511
128098
128935
129524
130111
130948
131535
132033
115494
116560
117325
118241
119006
119956
120721
121787
122552
123346
133151
133151
134230
134965
136263
136263
136847
138077
138077
138661
135294
136409
138086
138086
139364
139364
139951
140582
141697
143492
110335
110862
110946
111903
112405
113083
114040
114124
115226
116183
119694
120440
120802
121548
121548
122039
122542
123641
124387
124841
130339
130970
130970
132512
133321
133321
134942
134942
135494
136041
164921
164921
166545
167430
168099
168099
168843
171256
171925
172518
131838
131838
133189
133189
134138
134346
135546
135740
136897
137148
122555
123276
124148
124869
125930
126735
127523
128328
129395
130409
124233
125108
125620
126007
126882
127679
128554
129196
129709
130584
115633
115633
116126
117561
118237
119271
119742
120165
121199
122012
162346
163146
163146
163909
166013
166813
166813
166865
169542
170342
127283
128147
128147
128147
130960
130960
131014
131859
131859
133827
120181
121677
121926
122635
123100
124302
124845
126047
126512
127023
125775
126570
127013
127954
128749
129192
130075
130870
131313
132254
143247
144867
145702
146197
147032
147284
148353
149188
149883
150518
131076
131625
131625
132136
132995
133938
134487
134580
135176
137902
111805
112306
113163
114111
114968
115637
116494
116766
117623
118094
124629
125535
126181
127087
127231
128137
128292
129198
130093
130999
147250
147905
148607
149443
149616
150318
151154
151859
152695
154806
108715
109580
110273
111689
112608
113473
113665
114584
115449
115738
160484
160504
161813
162767
163176
163270
165439
167409
167409
167409
144567
144847
146326
146629
147366
148388
148883
148976
150642
150735
146981
147873
148639
150170
150967
151733
152481
153373
154170
154936
132610
134179
134179
135145
135145
136355
137783
137783
138890
139867
140146
141115
141983
142719
142883
143619
143838
144807
145675
146805
140396
141220
142014
142346
142907
143702
144526
145063
145239
146033
153676
154125
154290
156039
156204
156204
159209
159209
161123
161123
126422
128125
128125
129224
129728
130167
130827
132013
132392
133300
118913
119970
120911
121711
122049
122990
123790
123790
124604
125545
120933
121559
122215
122841
123421
124047
124405
125768
126486
127112
122267
124218
124901
124901
125740
127543
127543
128382
129646
130329
159719
160345
160833
161123
162798
163424
163714
164340
164828
166012
121084
121837
122382
123116
123635
124665
125399
125963
126697
127287
126427
127223
128038
128953
130024
130956
131871
132872
133804
134719
122493
123729
124371
125552
126194
126429
127610
128252
128865
129507
125703
126727
127660
128215
129148
129691
130715
131648
131859
133348
109159
110255
111167
111592
112361
112459
114005
114005
114853
116111
133712
133881
135298
135441
136339
137027
138104
138132
139690
139718
